<?xml version="1.0" encoding="UTF-8"?>
<!-- Generated by org.testng.reporters.JUnitReportReporter -->
<testsuite hostname="Shogan-PC" failures="0" tests="3" name="org.revisionJavaSelenium.ProductAnalysis" time="2.885" errors="0" timestamp="2025-06-13T21:44:28 IST" skipped="0">
  <testcase classname="org.revisionJavaSelenium.ProductAnalysis" name="productSearch" time="2.057"/>
  <testcase classname="org.revisionJavaSelenium.ProductAnalysis" name="productAnalyze" time="0.600"/>
  <testcase classname="org.revisionJavaSelenium.ProductAnalysis" name="averagePriceProduct" time="0.228"/>
</testsuite> <!-- org.revisionJavaSelenium.ProductAnalysis -->
